<?xml version="1.0" encoding="UTF-8"?>
<!-- Generated by org.testng.reporters.JUnitReportReporter -->
<testsuite hostname="DESKTOP-5VR9POS" failures="0" tests="1" name="TNGG.facebookNG" time="18.799" errors="0" timestamp="2023-08-11T09:59:11 IST" skipped="0">
  <testcase classname="TNGG.facebookNG" name="login" time="18.799"/>
</testsuite> <!-- TNGG.facebookNG -->
