<?xml version="1.0" encoding="UTF-8"?>
<!-- Generated by org.testng.reporters.JUnitReportReporter -->
<testsuite hostname="DESKTOP-5VR9POS" failures="0" tests="1" name="reppts.extrpt" time="0.524" errors="0" timestamp="2023-08-20T13:55:46 IST" skipped="0">
  <testcase classname="reppts.extrpt" name="ruyn" time="0.524"/>
</testsuite> <!-- reppts.extrpt -->
