<?xml version="1.0" encoding="UTF-8"?>
<!-- Generated by org.testng.reporters.JUnitReportReporter -->
<testsuite hostname="DESKTOP-5VR9POS" failures="0" tests="3" name="TNGG.methods" time="0.017" errors="0" timestamp="2023-08-11T09:48:39 IST" skipped="0">
  <testcase classname="TNGG.methods" name="apple" time="0.010">
    <system-out>
      <![CDATA[Account created]]>
    </system-out>
  </testcase> <!-- apple -->
  <testcase classname="TNGG.methods" name="run" time="0.004">
    <system-out>
      <![CDATA[sent request]]>
    </system-out>
  </testcase> <!-- run -->
  <testcase classname="TNGG.methods" name="lion" time="0.003">
    <system-out>
      <![CDATA[Logged in]]>
    </system-out>
  </testcase> <!-- lion -->
  <system-out>
    <![CDATA[Account created
Logged in
sent request]]>
  </system-out>
</testsuite> <!-- TNGG.methods -->
