<?xml version="1.0" encoding="UTF-8"?>
<!-- Generated by org.testng.reporters.JUnitReportReporter -->
<testsuite hostname="DESKTOP-5VR9POS" failures="0" tests="1" name="TNGG.DemoNG" time="0.029" errors="0" timestamp="2023-08-09T12:04:58 IST" skipped="0">
  <testcase classname="TNGG.DemoNG" name="test" time="0.029"/>
</testsuite> <!-- TNGG.DemoNG -->
