<?xml version="1.0" encoding="UTF-8"?>
<!-- Generated by org.testng.reporters.JUnitReportReporter -->
<testsuite hostname="DESKTOP-5VR9POS" failures="0" tests="2" name="TNGG.enable" time="0.015" errors="0" timestamp="2023-08-11T09:40:18 IST" skipped="0">
  <testcase classname="TNGG.enable" name="apple" time="0.009">
    <system-out>
      <![CDATA[hii]]>
    </system-out>
  </testcase> <!-- apple -->
  <testcase classname="TNGG.enable" name="lion" time="0.006">
    <system-out>
      <![CDATA[bye]]>
    </system-out>
  </testcase> <!-- lion -->
  <system-out>
    <![CDATA[hii
bye]]>
  </system-out>
</testsuite> <!-- TNGG.enable -->
