<?xml version="1.0" encoding="UTF-8"?>
<!-- Generated by org.testng.reporters.JUnitReportReporter -->
<testsuite hostname="DESKTOP-5VR9POS" failures="0" tests="1" name="verification.verify" time="5.010" errors="0" timestamp="2023-08-13T15:28:28 IST" skipped="0">
  <testcase classname="verification.verify" name="facebook" time="5.010"/>
</testsuite> <!-- verification.verify -->
