<?xml version="1.0" encoding="UTF-8"?>
<!-- Generated by org.testng.reporters.JUnitReportReporter -->
<testsuite hostname="DESKTOP-5VR9POS" failures="0" tests="3" name="TNGG.invocou" time="0.019" errors="0" timestamp="2023-08-11T09:35:21 IST" skipped="0">
  <testcase classname="TNGG.invocou" name="test" time="0.003">
    <system-out>
      <![CDATA[hii]]>
    </system-out>
  </testcase> <!-- test -->
  <testcase classname="TNGG.invocou" name="test" time="0.012">
    <system-out>
      <![CDATA[hii]]>
    </system-out>
  </testcase> <!-- test -->
  <testcase classname="TNGG.invocou" name="test" time="0.004">
    <system-out>
      <![CDATA[hii]]>
    </system-out>
  </testcase> <!-- test -->
  <system-out>
    <![CDATA[hii
hii
hii]]>
  </system-out>
</testsuite> <!-- TNGG.invocou -->
