<?xml version="1.0" encoding="UTF-8"?>
<!-- Generated by org.testng.reporters.JUnitReportReporter -->
<testsuite hostname="DESKTOP-5VR9POS" failures="0" tests="1" name="SRE.testRunner" time="8.937" errors="0" timestamp="2023-08-12T17:06:31 IST" skipped="0">
  <testcase classname="SRE.testRunner" name="face" time="8.937"/>
</testsuite> <!-- SRE.testRunner -->
