<?xml version="1.0" encoding="UTF-8"?>
<!-- Generated by org.testng.reporters.JUnitReportReporter -->
<testsuite hostname="DESKTOP-5VR9POS" failures="0" tests="2" name="TNGG.Sample" time="0.016" errors="0" timestamp="2023-08-11T09:33:11 IST" skipped="0">
  <testcase classname="TNGG.Sample" name="test" time="0.011">
    <system-out>
      <![CDATA[hi]]>
    </system-out>
  </testcase> <!-- test -->
  <testcase classname="TNGG.Sample" name="test1" time="0.005">
    <system-out>
      <![CDATA[bye]]>
    </system-out>
  </testcase> <!-- test1 -->
  <system-out>
    <![CDATA[hi
bye]]>
  </system-out>
</testsuite> <!-- TNGG.Sample -->
