<?xml version="1.0" encoding="UTF-8"?>
<!-- Generated by org.testng.reporters.JUnitReportReporter -->
<testsuite hostname="DESKTOP-5VR9POS" failures="0" tests="2" name="TNGG.prior" time="0.015" errors="0" timestamp="2023-08-11T09:38:07 IST" skipped="0">
  <testcase classname="TNGG.prior" name="lion" time="0.011">
    <system-out>
      <![CDATA[hi]]>
    </system-out>
  </testcase> <!-- lion -->
  <testcase classname="TNGG.prior" name="apple" time="0.004">
    <system-out>
      <![CDATA[bye]]>
    </system-out>
  </testcase> <!-- apple -->
  <system-out>
    <![CDATA[hi
bye]]>
  </system-out>
</testsuite> <!-- TNGG.prior -->
