<?xml version="1.0" encoding="UTF-8"?>
<!-- Generated by org.testng.reporters.JUnitReportReporter -->
<testsuite hostname="DESKTOP-5VR9POS" failures="0" tests="1" name="install.DemoNG" time="0.056" errors="0" timestamp="2023-08-06T15:15:02 IST" skipped="0">
  <testcase classname="install.DemoNG" name="test" time="0.056"/>
</testsuite> <!-- install.DemoNG -->
