<?xml version="1.0" encoding="UTF-8"?>
<!-- Generated by org.testng.reporters.JUnitReportReporter -->
<testsuite hostname="DESKTOP-5VR9POS" failures="0" tests="1" name="basic_hybrid_framework.Test_Runner" time="13.214" errors="0" timestamp="2023-08-23T11:24:41 IST" skipped="0">
  <testcase classname="basic_hybrid_framework.Test_Runner" name="amaz" time="13.214"/>
</testsuite> <!-- basic_hybrid_framework.Test_Runner -->
